<?xml version="1.0" encoding="UTF-8"?>
<testng-results ignored="0" total="1" passed="1" failed="0" skipped="0">
  <reporter-output>
  </reporter-output>
  <suite started-at="2021-12-20T10:42:35 PET" name="Gradle suite" finished-at="2021-12-20T10:42:42 PET" duration-ms="6788">
    <groups>
    </groups>
    <test started-at="2021-12-20T10:42:35 PET" name="Gradle test" finished-at="2021-12-20T10:42:42 PET" duration-ms="6788">
      <class name="Task">
        <test-method is-config="true" signature="setupRestAssured()[pri:0, instance:Task@1eb7944f]" started-at="2021-12-20T10:42:35 PET" name="setupRestAssured" finished-at="2021-12-20T10:42:36 PET" duration-ms="667" status="PASS">
          <reporter-output>
          </reporter-output>
        </test-method> <!-- setupRestAssured -->
        <test-method signature="listTaskAfterDelete()[pri:0, instance:Task@1eb7944f]" started-at="2021-12-20T10:42:36 PET" name="listTaskAfterDelete" finished-at="2021-12-20T10:42:42 PET" duration-ms="6084" status="PASS">
          <reporter-output>
          </reporter-output>
        </test-method> <!-- listTaskAfterDelete -->
      </class> <!-- Task -->
    </test> <!-- Gradle test -->
  </suite> <!-- Gradle suite -->
</testng-results>
