<?xml version="1.0" encoding="UTF-8"?>
<testng-results ignored="0" total="1" passed="1" failed="0" skipped="0">
  <reporter-output>
  </reporter-output>
  <suite started-at="2021-12-23T10:31:51 PET" name="Gradle suite" finished-at="2021-12-23T10:32:05 PET" duration-ms="13870">
    <groups>
    </groups>
    <test started-at="2021-12-23T10:31:51 PET" name="Gradle test" finished-at="2021-12-23T10:32:05 PET" duration-ms="13870">
      <class name="User">
        <test-method is-config="true" signature="setupRestAssured()[pri:0, instance:User@6f99440]" started-at="2021-12-23T10:31:51 PET" name="setupRestAssured" finished-at="2021-12-23T10:31:52 PET" duration-ms="762" status="PASS">
          <reporter-output>
          </reporter-output>
        </test-method> <!-- setupRestAssured -->
        <test-method signature="getUser()[pri:0, instance:User@6f99440]" started-at="2021-12-23T10:31:52 PET" name="getUser" finished-at="2021-12-23T10:32:05 PET" duration-ms="13072" status="PASS">
          <reporter-output>
          </reporter-output>
        </test-method> <!-- getUser -->
      </class> <!-- User -->
    </test> <!-- Gradle test -->
  </suite> <!-- Gradle suite -->
</testng-results>
